quest.are
weed.are
waikiki.are
help.are
limbo.are
smurf.are
plains.are
ultima.are
ofcol2.are
olympus.are
air.are
shire.are
hitower.are
gnome.are
wyvern.are
catacomb.are
hood.are
draconia.are
mahntor.are
trollden.are
firenewt.are
midgaard.are
chapel.are
midennir.are
grave.are
school.are
moria.are
juargan.are
eastern.are
kavir.are
pyramid.are
drow.are
thalos.are
mirror.are
ofcol.are
haon.are
arachnos.are
dwarven.are
daycare.are
sewer.are
valley.are
redferne.are
mega1.are
marsh.are
dream.are
grove.are
dylan.are
canyon.are
galaxy.are
mobfact.are
start.are
magetest.are
abode.are
halls.are
relic.are
Vallanda.are
ashfor.are
settie.are
arkyn.are
chess.are
mtv.are
sesame.are
power.are
camelot.are
futzone.are
hollywd.are
tvland.are
zoo.are
tick.are
solace.are
mtdoom.are
grocery.are
descent.are
passions.are
deathdun.are
candylan.are
cthulhu.are
beatles.are
white.are
crystal.are
tree.are
doom.are
ciquala2.are
drakyri.are
$

